<?xml version="1.0" encoding="UTF-8"?>
<!-- Generated by org.testng.reporters.JUnitReportReporter -->
<testsuite skipped="0" hostname="Kavuris-MacBook-Pro.local" name="com.web.tests.LoginPageTests" tests="1" failures="0" timestamp="2021-01-31T03:45:28 GMT" time="7.330" errors="0">
  <testcase name="test1" time="7.330" classname="com.web.tests.LoginPageTests"/>
  <system-out/>
</testsuite> <!-- com.web.tests.LoginPageTests -->
