<?xml version="1.0" encoding="UTF-8"?>
<!-- Generated by org.testng.reporters.JUnitReportReporter -->
<testsuite skipped="0" hostname="Kavuris-MacBook-Pro.local" name="com.web.tests.HomePageTests" tests="2" failures="0" timestamp="2021-02-02T17:49:26 GMT" time="24.094" errors="0">
  <testcase name="searchFromMyShop" time="12.327" classname="com.web.tests.HomePageTests"/>
  <system-out/>
  <testcase name="searchFromMyShop" time="11.767" classname="com.web.tests.HomePageTests"/>
  <system-out/>
</testsuite> <!-- com.web.tests.HomePageTests -->
